{"level":"warning","message":"GET en /api/login - at 15/5/2024 / 22:03:19"}
{"level":"error","message":"GET en /api/login - at 15/5/2024 / 22:03:20"}
{"level":"fatal","message":"GET en /api/login - at 15/5/2024 / 22:03:20"}
{"level":"warning","message":"GET en /favicon.ico - at 15/5/2024 / 22:03:20"}
{"level":"error","message":"GET en /favicon.ico - at 15/5/2024 / 22:03:20"}
{"level":"fatal","message":"GET en /favicon.ico - at 15/5/2024 / 22:03:20"}
{"level":"warning","message":"GET en /api/login - at 2/7/2024 / 15:22:13"}
{"level":"error","message":"GET en /api/login - at 2/7/2024 / 15:22:13"}
{"level":"fatal","message":"GET en /api/login - at 2/7/2024 / 15:22:13"}
{"level":"warning","message":"GET en /favicon.ico - at 2/7/2024 / 15:22:13"}
{"level":"error","message":"GET en /favicon.ico - at 2/7/2024 / 15:22:13"}
{"level":"fatal","message":"GET en /favicon.ico - at 2/7/2024 / 15:22:13"}
{"level":"warning","message":"POST en /api/login - at 2/7/2024 / 15:22:19"}
{"level":"error","message":"POST en /api/login - at 2/7/2024 / 15:22:19"}
{"level":"fatal","message":"POST en /api/login - at 2/7/2024 / 15:22:19"}
{"level":"warning","message":"GET en /api/products - at 2/7/2024 / 15:22:20"}
{"level":"error","message":"GET en /api/products - at 2/7/2024 / 15:22:20"}
{"level":"fatal","message":"GET en /api/products - at 2/7/2024 / 15:22:20"}
{"level":"warning","message":"GET en /api/carts/667dd7f45ab14d2188126960 - at 2/7/2024 / 15:22:23"}
{"level":"error","message":"GET en /api/carts/667dd7f45ab14d2188126960 - at 2/7/2024 / 15:22:23"}
{"level":"fatal","message":"GET en /api/carts/667dd7f45ab14d2188126960 - at 2/7/2024 / 15:22:23"}
{"level":"warning","message":"GET en /api/667dd7f45ab14d2188126960/purchase - at 2/7/2024 / 15:22:24"}
{"level":"error","message":"GET en /api/667dd7f45ab14d2188126960/purchase - at 2/7/2024 / 15:22:24"}
{"level":"fatal","message":"GET en /api/667dd7f45ab14d2188126960/purchase - at 2/7/2024 / 15:22:24"}
{"level":"warning","message":"POST en /api/payment-intents - at 2/7/2024 / 15:22:25"}
{"level":"error","message":"POST en /api/payment-intents - at 2/7/2024 / 15:22:25"}
{"level":"fatal","message":"POST en /api/payment-intents - at 2/7/2024 / 15:22:25"}
warning: Prueba de log leve Warning --> en Endpoint /api/loggerTest
error: Prueba de log leve Error --> en Endpoint /api/loggerTest
fatal: Prueba de log leve Fatal --> en Endpoint /api/loggerTest
